c:\git\awoengine\awoengine\temp\win32\vc140.pdb
c:\git\awoengine\awoengine\temp\win32\vc140.idb
c:\git\awoengine\awoengine\temp\win32\application.obj
c:\git\awoengine\awoengine\temp\win32\devicemanager.obj
c:\git\awoengine\awoengine\temp\win32\gameobject.obj
c:\git\awoengine\awoengine\temp\win32\main.obj
c:\git\awoengine\awoengine\temp\win32\meshdata.obj
c:\git\awoengine\awoengine\temp\win32\physics.obj
c:\git\awoengine\awoengine\temp\win32\shadermanager.obj
c:\git\awoengine\awoengine\bin\x86\debug\animationeditor.ilk
c:\git\awoengine\awoengine\bin\x86\debug\animationeditor.exe
c:\git\awoengine\awoengine\bin\x86\debug\animationeditor.pdb
c:\git\awoengine\awoengine\temp\win32\animationeditor.res
c:\git\awoengine\awoengine\temp\win32\application.obj.enc
c:\git\awoengine\awoengine\temp\win32\gameobject.obj.enc
c:\git\awoengine\awoengine\temp\win32\main.obj.enc
c:\git\awoengine\awoengine\temp\win32\meshdata.obj.enc
c:\git\awoengine\awoengine\temp\win32\shadermanager.obj.enc
c:\git\awoengine\awoengine\animationeditor\..\bin\x86\debug\animationeditor.exe
c:\git\awoengine\awoengine\temp\win32\animationeditor.tlog\cl.command.1.tlog
c:\git\awoengine\awoengine\temp\win32\animationeditor.tlog\cl.read.1.tlog
c:\git\awoengine\awoengine\temp\win32\animationeditor.tlog\cl.write.1.tlog
c:\git\awoengine\awoengine\temp\win32\animationeditor.tlog\link.command.1.tlog
c:\git\awoengine\awoengine\temp\win32\animationeditor.tlog\link.read.1.tlog
c:\git\awoengine\awoengine\temp\win32\animationeditor.tlog\link.write.1.tlog
c:\git\awoengine\awoengine\temp\win32\animationeditor.tlog\rc.command.1.tlog
c:\git\awoengine\awoengine\temp\win32\animationeditor.tlog\rc.read.1.tlog
c:\git\awoengine\awoengine\temp\win32\animationeditor.tlog\rc.write.1.tlog
