c:\git\billiardsgame\awoengine\temp\win32\vc140.pdb
c:\git\billiardsgame\awoengine\temp\win32\vc140.idb
c:\git\billiardsgame\awoengine\temp\win32\application.obj
c:\git\billiardsgame\awoengine\temp\win32\audio.obj
c:\git\billiardsgame\awoengine\temp\win32\devicemanager.obj
c:\git\billiardsgame\awoengine\temp\win32\gameobject.obj
c:\git\billiardsgame\awoengine\temp\win32\input.obj
c:\git\billiardsgame\awoengine\temp\win32\main.obj
c:\git\billiardsgame\awoengine\temp\win32\meshdata.obj
c:\git\billiardsgame\awoengine\temp\win32\physics.obj
c:\git\billiardsgame\awoengine\temp\win32\text.obj
c:\git\billiardsgame\awoengine\temp\win32\camera.obj
c:\git\billiardsgame\awoengine\bin\x86\debug\awoengine.ilk
c:\git\billiardsgame\awoengine\bin\x86\debug\awoengine.exe
c:\git\billiardsgame\awoengine\bin\x86\debug\awoengine.pdb
c:\git\billiardsgame\awoengine\awoengine\..\bin\x86\debug\awoengine.exe
c:\git\billiardsgame\awoengine\temp\win32\awoengine.tlog\cl.command.1.tlog
c:\git\billiardsgame\awoengine\temp\win32\awoengine.tlog\cl.read.1.tlog
c:\git\billiardsgame\awoengine\temp\win32\awoengine.tlog\cl.write.1.tlog
c:\git\billiardsgame\awoengine\temp\win32\awoengine.tlog\link.command.1.tlog
c:\git\billiardsgame\awoengine\temp\win32\awoengine.tlog\link.read.1.tlog
c:\git\billiardsgame\awoengine\temp\win32\awoengine.tlog\link.write.1.tlog
